696radio.com (GREECE)
 
Lawrence English - Object of Projection 
Cruel Optimism 

Gazelle Twin - Dieu et mon droit
Pastoral 

 Arca - Meditation
Stretch 2 

 Aphex Twin - piano un1 arpej
Computer Controlled Acoustic Instruments Pt2 - (EP) 

 Simian Mobile Disco - Z Space
Whorl 

 Ø (mika Vainio) - Hikari (Special Track)
Atak012 Oleva 

 November Novelet - Shouts of joy
From Heaven On Earth 

Cortini - Senza forte

 Nils Frahm - A Place
All Melody 

 Maxwell Sterling - $50 Curse Removal
Hollywood Medieval 

 Boards Of Canada - Wildlife Analysis
Music Has The Right To Children 

https://www.radioonlinelive.com/greece/derti-fm-radio/

 Eartheater - Rip Chrysalis
RIP Chrysalis 

 Laurel Halo - Serendip
Chance of Rain 

 Xiu Xiu - Get Up
FORGET 

 The Orb - 9 elms over river eno (channel 9)
COW / Chill Out, World! 

Delroy Edwards & Dean Blunt - Audio Track 02
Desert Sessions 

 Eartheater - Mask Therapy
RIP Chrysalis 

 Doon Kanda - Mino
Labyrinth 

 James Ferraro - Remnant
Four Pieces For Mirai EP 

 Hype Williams - Untitled 1
Find Out What Happens When People Stop Being Polite, And Start Gettin' Reel 

 Pharmakon - Intent or Instinct
Bestial Burden 

 Tropic of Cancer - Court of Devotion
Restless Idylls 

rogeliocardona_gym86@hotmail.com
B00g!3$9.-1



